import { registerInstance as __stencil_registerInstance } from "@stencil/core";
import { h } from "@stencil/core";
export const CatGif = class {
    constructor(hostRef) {
        __stencil_registerInstance(this, hostRef);
        /**
         * Internal state
         */
        this.images = [];
        this.imageUrl = '';
    }
    watchHandler(newValue, oldValue) {
        if (oldValue === newValue) {
            return;
        }
        this.images = [];
        this.updateImage();
    }
    connectedCallback() {
        this.updateImage();
    }
    handleClick() {
        this.updateImage();
    }
    async fetchGifs() {
        const key = 'gwWthNT5DFpvrh04kt4PYiakYO12aM3B';
        let keywords = `cat`;
        if (this.keyword) {
            keywords += ` ${this.keyword}`;
        }
        const url = `${window.location.protocol}//api.giphy.com/v1/gifs/search?api_key=${key}&q=${encodeURI(keywords)}`;
        const result = await fetch(url);
        const JSONresult = await result.json();
        this.images = JSONresult.data.map(item => item.images.original.url);
    }
    async getRandomImageUrl() {
        if (!this.images.length) {
            await this.fetchGifs();
        }
        return this.images[Math.floor(Math.random() * this.images.length)];
    }
    async updateImage() {
        this.imageUrl = await this.getRandomImageUrl();
    }
    render() {
        return h("img", { src: this.imageUrl, alt: `Cat${this.keyword ? ' ' + this.keyword : ''} gif` });
    }
    static get watchers() { return {
        "keyword": ["watchHandler"]
    }; }
    static get style() { return "STYLE_TEXT_PLACEHOLDER:cat-gif"; }
};
